Assembler report for problema1_sd
Mon Mar 16 19:01:12 2026
Quartus Prime Version 25.1std.0 Build 1129 10/21/2025 SC Lite Edition


---------------------
; Table of Contents ;
---------------------
  1. Legal Notice
  2. Assembler Summary
  3. Assembler Settings
  4. Assembler Encrypted IP Cores Summary
  5. Assembler Generated Files
  6. Assembler Device Options: problema1_sd.sof
  7. Assembler Messages



----------------
; Legal Notice ;
----------------
Copyright (C) 2025  Altera Corporation. All rights reserved.
Your use of Altera Corporation's design tools, logic functions 
and other software and tools, and any partner logic 
functions, and any output files from any of the foregoing 
(including device programming or simulation files), and any 
associated documentation or information are expressly subject 
to the terms and conditions of the Altera Program License 
Subscription Agreement, the Altera Quartus Prime License Agreement,
the Altera IP License Agreement, or other applicable license
agreement, including, without limitation, that your use is for
the sole purpose of programming logic devices manufactured by
Altera and sold by Altera or its authorized distributors.  Please
refer to the Altera Software License Subscription Agreements 
on the Quartus Prime software download page.



+---------------------------------------------------------------+
; Assembler Summary                                             ;
+-----------------------+---------------------------------------+
; Assembler Status      ; Successful - Mon Mar 16 19:01:12 2026 ;
; Revision Name         ; problema1_sd                          ;
; Top-level Entity Name ; problema1_sd                          ;
; Family                ; Cyclone IV GX                         ;
; Device                ; EP4CGX150DF31C7                       ;
+-----------------------+---------------------------------------+


+----------------------------------+
; Assembler Settings               ;
+--------+---------+---------------+
; Option ; Setting ; Default Value ;
+--------+---------+---------------+


+------------------------------------------------+
; Assembler Encrypted IP Cores Summary           ;
+--------+------------------------+--------------+
; Vendor ; IP Core Name           ; License Type ;
+--------+------------------------+--------------+
; Altera ; Signal Tap (6AF7 BCE1) ; Licensed     ;
; Altera ; Signal Tap (6AF7 BCEC) ; Licensed     ;
+--------+------------------------+--------------+


+-----------------------------------------------------------+
; Assembler Generated Files                                 ;
+-----------------------------------------------------------+
; File Name                                                 ;
+-----------------------------------------------------------+
; /home/kake/Documentos/Problema_SD_2026_1/problema1_sd.sof ;
+-----------------------------------------------------------+


+--------------------------------------------+
; Assembler Device Options: problema1_sd.sof ;
+----------------+---------------------------+
; Option         ; Setting                   ;
+----------------+---------------------------+
; JTAG usercode  ; 0x02305775                ;
; Checksum       ; 0x02305775                ;
+----------------+---------------------------+


+--------------------+
; Assembler Messages ;
+--------------------+
Info: *******************************************************************
Info: Running Quartus Prime Assembler
    Info: Version 25.1std.0 Build 1129 10/21/2025 SC Lite Edition
    Info: Processing started: Mon Mar 16 19:01:09 2026
Info: Command: quartus_asm --read_settings_files=off --write_settings_files=off problema1_sd -c problema1_sd
Warning (18236): Number of processors has not been specified which may cause overloading on shared machines.  Set the global assignment NUM_PARALLEL_PROCESSORS in your QSF to an appropriate value for best performance.
Info (115031): Writing out detailed assembly data for power analysis
Info (115030): Assembler is generating device programming files
Info: Quartus Prime Assembler was successful. 0 errors, 1 warning
    Info: Peak virtual memory: 686 megabytes
    Info: Processing ended: Mon Mar 16 19:01:12 2026
    Info: Elapsed time: 00:00:03
    Info: Total CPU time (on all processors): 00:00:03


